jun. 15, 2020 8:43:53 P. M. msmsreader.MSMSReader getLectura
INFO: ROW:147, NAME:SPLASH Cer 18:1;2O/16:0(d9)
jun. 15, 2020 8:43:53 P. M. msmsreader.MSMSReader getLectura
INFO: ROW:148, NAME:SPLASH Cholesterol(d7)
jun. 15, 2020 8:43:53 P. M. msmsreader.MSMSReader getLectura
INFO: ROW:149, NAME:SPLASH LPC 18:1(d7)
jun. 15, 2020 8:43:53 P. M. msmsreader.MSMSReader getLectura
INFO: ROW:150, NAME:SPLASH LPE 18:1(d7)
jun. 15, 2020 8:43:53 P. M. msmsreader.MSMSReader getLectura
INFO: ROW:151, NAME:SPLASH MG 18:1(d7)
jun. 15, 2020 8:43:53 P. M. msmsreader.MSMSReader getLectura
INFO: ROW:153, NAME:SPLASH PS 15:0_18:1(d7)
jun. 15, 2020 8:43:53 P. M. msmsreader.MSMSReader getLectura
INFO: ROW:533, NAME:SPLASH Cer 18:1;2O/16:0(d9)
jun. 15, 2020 8:43:53 P. M. msmsreader.MSMSReader getLectura
INFO: ROW:534, NAME:SPLASH FA 20:4(d11)
jun. 15, 2020 8:43:53 P. M. msmsreader.MSMSReader getLectura
INFO: ROW:535, NAME:SPLASH LPC 18:1(d7)
jun. 15, 2020 8:43:53 P. M. msmsreader.MSMSReader getLectura
INFO: ROW:536, NAME:SPLASH LPE 18:1(d7)
jun. 15, 2020 8:43:53 P. M. msmsreader.MSMSReader getLectura
INFO: ROW:538, NAME:SPLASH PI 15:0_18:1(d7)
jun. 15, 2020 8:43:53 P. M. msmsreader.MSMSReader getLectura
INFO: ROW:539, NAME:SPLASH PS 15:0_18:1(d7)
