jun. 15, 2020 8:44:01 P. M. msmsreader.MSMSReader getLectura
INFO: ROW:47, NAMESPLASH LPE 18:1(d7), SMILES:null, INCHIKEY:null P:null
jun. 15, 2020 8:44:01 P. M. msmsreader.MSMSReader getLectura
INFO: ROW:52, NAMESPLASH PG 15:0_18:1(d7), SMILES:null, INCHIKEY:null P:null
jun. 15, 2020 8:44:01 P. M. msmsreader.MSMSReader getLectura
INFO: ROW:53, NAMESPLASH PI 15:0_18:1(d7), SMILES:null, INCHIKEY:null P:null
jun. 15, 2020 8:44:01 P. M. msmsreader.MSMSReader getLectura
INFO: ROW:163, NAMEFA 13:0, SMILES:CCCCCCCCCCCCC(O)=O, INCHIKEY:SZHOJFHSIKHZHA-UHFFFAOYSA-N P:null
jun. 15, 2020 8:44:01 P. M. msmsreader.MSMSReader getLectura
INFO: ROW:177, NAMEFA 20:1, SMILES:CCCCCCCC\C=C/CCCCCCCCCC(O)=O, INCHIKEY:BITHHVVYSMSWAG-KTKRTIGZSA-N P:null
jun. 15, 2020 8:44:01 P. M. msmsreader.MSMSReader getLectura
INFO: ROW:178, NAMEFA 20:2, SMILES:CCCCC\C=C/C\C=C/CCCCCCCCCC(O)=O, INCHIKEY:XSXIVVZCUAHUJO-HZJYTTRNSA-N P:null
jun. 15, 2020 8:44:01 P. M. msmsreader.MSMSReader getLectura
INFO: ROW:181, NAMEFA 22:0, SMILES:CCCCCCCCCCCCCCCCCCCCCC(O)=O, INCHIKEY:UKMSUNONTOPOIO-UHFFFAOYSA-N P:null
jun. 15, 2020 8:44:01 P. M. msmsreader.MSMSReader getLectura
INFO: ROW:182, NAMEFA 22:1, SMILES:CCCCCCCC\C=C/CCCCCCCCCCCC(O)=O, INCHIKEY:DPUOLQHDNGRHBS-KTKRTIGZSA-N P:null
jun. 15, 2020 8:44:01 P. M. msmsreader.MSMSReader getLectura
INFO: ROW:183, NAMEFA 22:2, SMILES:CCCCC\C=C/C\C=C/CCCCCCCCCCCC(O)=O, INCHIKEY:HVGRZDASOHMCSK-HZJYTTRNSA-N P:null
jun. 15, 2020 8:44:01 P. M. msmsreader.MSMSReader getLectura
INFO: ROW:185, NAMEFA 22:5, SMILES:CC\C=C/C\C=C/C\C=C/C\C=C/C\C=C/CCCCCC(O)=O, INCHIKEY:YUFFSWGQGVEMMI-JLNKQSITSA-N P:null
jun. 15, 2020 8:44:01 P. M. msmsreader.MSMSReader getLectura
INFO: ROW:186, NAMEFA 22:6, SMILES:CC\C=C/C\C=C/C\C=C/C\C=C/C\C=C/C\C=C/CCC(O)=O, INCHIKEY:MBMBGCFOFBJSGT-KUBAVDMBSA-N P:null
jun. 15, 2020 8:44:01 P. M. msmsreader.MSMSReader getLectura
INFO: ROW:297, NAMESPLASH FA 16:0(d3), SMILES:null, INCHIKEY:null P:null
