jun. 15, 2020 8:44:01 P. M. msmsreader.MSMSReader getLectura
INFO: ROW:40, NAME:SPLASH CE 18:1(d7)
jun. 15, 2020 8:44:01 P. M. msmsreader.MSMSReader getLectura
INFO: ROW:41, NAME:SPLASH Cer 18:1;2O/15:0(d7)
jun. 15, 2020 8:44:01 P. M. msmsreader.MSMSReader getLectura
INFO: ROW:42, NAME:SPLASH Cer 18:1;2O/15:0(d7)
jun. 15, 2020 8:44:01 P. M. msmsreader.MSMSReader getLectura
INFO: ROW:43, NAME:SPLASH DG 15:0_18:1(d7)
jun. 15, 2020 8:44:01 P. M. msmsreader.MSMSReader getLectura
INFO: ROW:44, NAME:SPLASH DG 15:0_18:1(d7)
jun. 15, 2020 8:44:01 P. M. msmsreader.MSMSReader getLectura
INFO: ROW:45, NAME:SPLASH LPC 18:1(d7)
jun. 15, 2020 8:44:01 P. M. msmsreader.MSMSReader getLectura
INFO: ROW:46, NAME:SPLASH LPE 18:1(d7)
jun. 15, 2020 8:44:01 P. M. msmsreader.MSMSReader getLectura
INFO: ROW:47, NAME:SPLASH LPE 18:1(d7)
jun. 15, 2020 8:44:01 P. M. msmsreader.MSMSReader getLectura
INFO: ROW:48, NAME:SPLASH PC 15:0_18:1(d7)
jun. 15, 2020 8:44:01 P. M. msmsreader.MSMSReader getLectura
INFO: ROW:49, NAME:SPLASH PC 15:0_18:1(d7)
jun. 15, 2020 8:44:01 P. M. msmsreader.MSMSReader getLectura
INFO: ROW:50, NAME:SPLASH PE 15:0_18:1(d7)
jun. 15, 2020 8:44:01 P. M. msmsreader.MSMSReader getLectura
INFO: ROW:51, NAME:SPLASH PE 15:0_18:1(d7)
jun. 15, 2020 8:44:01 P. M. msmsreader.MSMSReader getLectura
INFO: ROW:52, NAME:SPLASH PG 15:0_18:1(d7)
jun. 15, 2020 8:44:01 P. M. msmsreader.MSMSReader getLectura
INFO: ROW:53, NAME:SPLASH PI 15:0_18:1(d7)
jun. 15, 2020 8:44:01 P. M. msmsreader.MSMSReader getLectura
INFO: ROW:54, NAME:SPLASH PS 15:0_18:1(d7)
jun. 15, 2020 8:44:01 P. M. msmsreader.MSMSReader getLectura
INFO: ROW:55, NAME:SPLASH SM 18:1;2O/18:0(d9)
jun. 15, 2020 8:44:01 P. M. msmsreader.MSMSReader getLectura
INFO: ROW:56, NAME:SPLASH SM 18:1;2O/18:0(d9)
jun. 15, 2020 8:44:01 P. M. msmsreader.MSMSReader getLectura
INFO: ROW:57, NAME:SPLASH TG 15:0_18:1_15:0(d7)
jun. 15, 2020 8:44:01 P. M. msmsreader.MSMSReader getLectura
INFO: ROW:295, NAME:SPLASH Cer 18:1;2O/15:0(d9)
jun. 15, 2020 8:44:01 P. M. msmsreader.MSMSReader getLectura
INFO: ROW:296, NAME:SPLASH Cer 18:1;2O/15:0(d9)
jun. 15, 2020 8:44:01 P. M. msmsreader.MSMSReader getLectura
INFO: ROW:297, NAME:SPLASH FA 16:0(d3)
jun. 15, 2020 8:44:01 P. M. msmsreader.MSMSReader getLectura
INFO: ROW:298, NAME:SPLASH FA 18:0(d3)
jun. 15, 2020 8:44:01 P. M. msmsreader.MSMSReader getLectura
INFO: ROW:299, NAME:SPLASH LPC 18:1(d7)
jun. 15, 2020 8:44:01 P. M. msmsreader.MSMSReader getLectura
INFO: ROW:300, NAME:SPLASH LPC 18:1(d7)
jun. 15, 2020 8:44:01 P. M. msmsreader.MSMSReader getLectura
INFO: ROW:301, NAME:SPLASH LPE 18:1(d7)
jun. 15, 2020 8:44:01 P. M. msmsreader.MSMSReader getLectura
INFO: ROW:302, NAME:SPLASH LPE 18:1(d7)
jun. 15, 2020 8:44:01 P. M. msmsreader.MSMSReader getLectura
INFO: ROW:303, NAME:SPLASH PC 15:0_18:1(d7)
jun. 15, 2020 8:44:01 P. M. msmsreader.MSMSReader getLectura
INFO: ROW:304, NAME:SPLASH PC 15:0_18:1(d7)
jun. 15, 2020 8:44:01 P. M. msmsreader.MSMSReader getLectura
INFO: ROW:305, NAME:SPLASH PE 15:0_18:1(d7)
jun. 15, 2020 8:44:01 P. M. msmsreader.MSMSReader getLectura
INFO: ROW:306, NAME:SPLASH PE 15:0_18:1(d7)
jun. 15, 2020 8:44:01 P. M. msmsreader.MSMSReader getLectura
INFO: ROW:307, NAME:SPLASH PG 15:0_18:1(d7)
jun. 15, 2020 8:44:01 P. M. msmsreader.MSMSReader getLectura
INFO: ROW:308, NAME:SPLASH PG 15:0_18:1(d7)
jun. 15, 2020 8:44:01 P. M. msmsreader.MSMSReader getLectura
INFO: ROW:309, NAME:SPLASH PI 15:0_18:1(d7)
jun. 15, 2020 8:44:01 P. M. msmsreader.MSMSReader getLectura
INFO: ROW:310, NAME:SPLASH PI 15:0_18:1(d7)
jun. 15, 2020 8:44:01 P. M. msmsreader.MSMSReader getLectura
INFO: ROW:311, NAME:SPLASH PS 15:0_18:1(d7)
jun. 15, 2020 8:44:01 P. M. msmsreader.MSMSReader getLectura
INFO: ROW:312, NAME:SPLASH PS 15:0_18:1(d7)
jun. 15, 2020 8:44:01 P. M. msmsreader.MSMSReader getLectura
INFO: ROW:313, NAME:SPLASH SM 18:1;2O/18:1(d9)
jun. 15, 2020 8:44:01 P. M. msmsreader.MSMSReader getLectura
INFO: ROW:314, NAME:SPLASH SM 18:1;2O/18:1(d9)
