jun. 18, 2020 11:27:40 A. M. msmsreader.MSMSReader getLectura
INFO: ROW:211, NAME:SPLASH Cer 18:1;2O/16:0(d9)
jun. 18, 2020 11:27:40 A. M. msmsreader.MSMSReader getLectura
INFO: ROW:212, NAME:SPLASH Cholesterol(d7)
jun. 18, 2020 11:27:40 A. M. msmsreader.MSMSReader getLectura
INFO: ROW:213, NAME:SPLASH LPC 18:1(d7)
jun. 18, 2020 11:27:40 A. M. msmsreader.MSMSReader getLectura
INFO: ROW:214, NAME:SPLASH LPE 18:1(d7)
jun. 18, 2020 11:27:40 A. M. msmsreader.MSMSReader getLectura
INFO: ROW:215, NAME:SPLASH MG 18:1(d7)
jun. 18, 2020 11:27:40 A. M. msmsreader.MSMSReader getLectura
INFO: ROW:216, NAME:SPLASH PI 15:0_18:1(d7)
jun. 18, 2020 11:27:40 A. M. msmsreader.MSMSReader getLectura
INFO: ROW:866, NAME:SPLASH Cer 18:1;2O/16:0(d9)
jun. 18, 2020 11:27:40 A. M. msmsreader.MSMSReader getLectura
INFO: ROW:867, NAME:SPLASH FA 20:4(d11)
jun. 18, 2020 11:27:40 A. M. msmsreader.MSMSReader getLectura
INFO: ROW:868, NAME:SPLASH LPC 18:1(d7)
jun. 18, 2020 11:27:40 A. M. msmsreader.MSMSReader getLectura
INFO: ROW:869, NAME:SPLASH LPE 18:1(d7)
jun. 18, 2020 11:27:40 A. M. msmsreader.MSMSReader getLectura
INFO: ROW:870, NAME:SPLASH PI 15:0_18:1(d7)
jun. 18, 2020 11:27:40 A. M. msmsreader.MSMSReader getLectura
INFO: ROW:871, NAME:SPLASH PS 15:0_18:1(d7)
jun. 18, 2020 11:27:40 A. M. msmsreader.MSMSReader getLectura
INFO: ROW:872, NAME:SPLASH SM 18:1;2O/18:1(d9)
