jun. 15, 2020 8:43:50 P. M. msmsreader.MSMSReader getLectura
INFO: ROW:314, NAME:FA 20:4(d11)
jun. 15, 2020 8:43:50 P. M. msmsreader.MSMSReader getLectura
INFO: ROW:315, NAME:SPLASH CE 18:1(d7)
jun. 15, 2020 8:43:50 P. M. msmsreader.MSMSReader getLectura
INFO: ROW:316, NAME:SPLASH Cer 18:1;2O/15:0(d7)
jun. 15, 2020 8:43:50 P. M. msmsreader.MSMSReader getLectura
INFO: ROW:317, NAME:SPLASH Cer 18:1;2O/15:0(d7)
jun. 15, 2020 8:43:50 P. M. msmsreader.MSMSReader getLectura
INFO: ROW:318, NAME:SPLASH DG 15:0_18:1(d7)
jun. 15, 2020 8:43:50 P. M. msmsreader.MSMSReader getLectura
INFO: ROW:319, NAME:SPLASH LPC 18:1(d7)
jun. 15, 2020 8:43:50 P. M. msmsreader.MSMSReader getLectura
INFO: ROW:320, NAME:SPLASH LPC 18:1(d7)
jun. 15, 2020 8:43:50 P. M. msmsreader.MSMSReader getLectura
INFO: ROW:321, NAME:SPLASH LPE 18:1(d7)
jun. 15, 2020 8:43:50 P. M. msmsreader.MSMSReader getLectura
INFO: ROW:322, NAME:SPLASH LPE 18:1(d7)
jun. 15, 2020 8:43:50 P. M. msmsreader.MSMSReader getLectura
INFO: ROW:323, NAME:SPLASH PC 15:0_18:1(d7)
jun. 15, 2020 8:43:50 P. M. msmsreader.MSMSReader getLectura
INFO: ROW:324, NAME:SPLASH PC 15:0_18:1(d7)
jun. 15, 2020 8:43:50 P. M. msmsreader.MSMSReader getLectura
INFO: ROW:325, NAME:SPLASH PE 15:0_18:1(d7)
jun. 15, 2020 8:43:50 P. M. msmsreader.MSMSReader getLectura
INFO: ROW:326, NAME:SPLASH PE 15:0_18:1(d7)
jun. 15, 2020 8:43:50 P. M. msmsreader.MSMSReader getLectura
INFO: ROW:327, NAME:SPLASH PG 15:0_18:1(d7)
jun. 15, 2020 8:43:50 P. M. msmsreader.MSMSReader getLectura
INFO: ROW:328, NAME:SPLASH PG 15:0_18:1(d7)
jun. 15, 2020 8:43:50 P. M. msmsreader.MSMSReader getLectura
INFO: ROW:329, NAME:SPLASH PI 15:0_18:1(d7)
jun. 15, 2020 8:43:50 P. M. msmsreader.MSMSReader getLectura
INFO: ROW:330, NAME:SPLASH PS 15:0_18:1(d7)
jun. 15, 2020 8:43:50 P. M. msmsreader.MSMSReader getLectura
INFO: ROW:331, NAME:SPLASH PS 15:0_18:1(d7)
jun. 15, 2020 8:43:50 P. M. msmsreader.MSMSReader getLectura
INFO: ROW:332, NAME:SPLASH SM 18:1;2O/18:1(d9)
jun. 15, 2020 8:43:50 P. M. msmsreader.MSMSReader getLectura
INFO: ROW:333, NAME:SPLASH SM 18:1;2O/18:1(d9)
jun. 15, 2020 8:43:50 P. M. msmsreader.MSMSReader getLectura
INFO: ROW:334, NAME:SPLASH TG 15:0_18:1_15:0(d7)
jun. 15, 2020 8:43:50 P. M. msmsreader.MSMSReader getLectura
INFO: ROW:369, NAME:SPLASH LPC 18:1(d7)
jun. 15, 2020 8:43:50 P. M. msmsreader.MSMSReader getLectura
INFO: ROW:381, NAME:SPLASH LPE 18:1(d7)
jun. 15, 2020 8:43:50 P. M. msmsreader.MSMSReader getLectura
INFO: ROW:640, NAME:SPLASH SM 18:1;2O/18:0(d9)
