jun. 15, 2020 8:43:48 P. M. msmsreader.MSMSReader getLectura
INFO: ROW:253, NAME:FA 20:4(d11)
jun. 15, 2020 8:43:48 P. M. msmsreader.MSMSReader getLectura
INFO: ROW:254, NAME:SPLASH CE 18:1(d7)
jun. 15, 2020 8:43:48 P. M. msmsreader.MSMSReader getLectura
INFO: ROW:255, NAME:SPLASH Cer 18:1;2O/15:0(d7)
jun. 15, 2020 8:43:48 P. M. msmsreader.MSMSReader getLectura
INFO: ROW:256, NAME:SPLASH Cer 18:1;2O/15:0(d7)
jun. 15, 2020 8:43:48 P. M. msmsreader.MSMSReader getLectura
INFO: ROW:257, NAME:SPLASH DG 15:0_18:1(d7)
jun. 15, 2020 8:43:48 P. M. msmsreader.MSMSReader getLectura
INFO: ROW:258, NAME:SPLASH LPC 18:1(d7)
jun. 15, 2020 8:43:48 P. M. msmsreader.MSMSReader getLectura
INFO: ROW:259, NAME:SPLASH LPC 18:1(d7)
jun. 15, 2020 8:43:48 P. M. msmsreader.MSMSReader getLectura
INFO: ROW:260, NAME:SPLASH LPE 18:1(d7)
jun. 15, 2020 8:43:48 P. M. msmsreader.MSMSReader getLectura
INFO: ROW:261, NAME:SPLASH LPE 18:1(d7)
jun. 15, 2020 8:43:48 P. M. msmsreader.MSMSReader getLectura
INFO: ROW:262, NAME:SPLASH PC 15:0_18:1(d7)
jun. 15, 2020 8:43:48 P. M. msmsreader.MSMSReader getLectura
INFO: ROW:263, NAME:SPLASH PC 15:0_18:1(d7)
jun. 15, 2020 8:43:48 P. M. msmsreader.MSMSReader getLectura
INFO: ROW:264, NAME:SPLASH PE 15:0_18:1(d7)
jun. 15, 2020 8:43:48 P. M. msmsreader.MSMSReader getLectura
INFO: ROW:265, NAME:SPLASH PE 15:0_18:1(d7)
jun. 15, 2020 8:43:48 P. M. msmsreader.MSMSReader getLectura
INFO: ROW:266, NAME:SPLASH PG 15:0_18:1(d7)
jun. 15, 2020 8:43:48 P. M. msmsreader.MSMSReader getLectura
INFO: ROW:267, NAME:SPLASH PG 15:0_18:1(d7)
jun. 15, 2020 8:43:48 P. M. msmsreader.MSMSReader getLectura
INFO: ROW:268, NAME:SPLASH PI 15:0_18:1(d7)
jun. 15, 2020 8:43:48 P. M. msmsreader.MSMSReader getLectura
INFO: ROW:269, NAME:SPLASH PI 15:0_18:1(d7)
jun. 15, 2020 8:43:48 P. M. msmsreader.MSMSReader getLectura
INFO: ROW:270, NAME:SPLASH PS 15:0_18:1(d7)
jun. 15, 2020 8:43:48 P. M. msmsreader.MSMSReader getLectura
INFO: ROW:271, NAME:SPLASH PS 15:0_18:1(d7)
jun. 15, 2020 8:43:48 P. M. msmsreader.MSMSReader getLectura
INFO: ROW:272, NAME:SPLASH SM 18:1;2O/18:1(d9)
jun. 15, 2020 8:43:48 P. M. msmsreader.MSMSReader getLectura
INFO: ROW:273, NAME:SPLASH SM 18:1;2O/18:1(d9)
jun. 15, 2020 8:43:48 P. M. msmsreader.MSMSReader getLectura
INFO: ROW:274, NAME:SPLASH TG 15:0_18:1_15:0(d7)
jun. 15, 2020 8:43:48 P. M. msmsreader.MSMSReader getLectura
INFO: ROW:296, NAME:SPLASH LPC 18:1(d7)
jun. 15, 2020 8:43:48 P. M. msmsreader.MSMSReader getLectura
INFO: ROW:305, NAME:SPLASH LPE 18:1(d7)
jun. 15, 2020 8:43:48 P. M. msmsreader.MSMSReader getLectura
INFO: ROW:457, NAME:SPLASH SM 18:1;2O/18:0(d9)
