may. 25, 2020 8:13:31 P. M. msmsreader.MSMSReader getLectura
INFO: ROW:262, NAME:SPLASH Cer 18:1;2O/16:0(d9)
may. 25, 2020 8:13:31 P. M. msmsreader.MSMSReader getLectura
INFO: ROW:263, NAME:SPLASH LPC 18:1(d7)
may. 25, 2020 8:13:31 P. M. msmsreader.MSMSReader getLectura
INFO: ROW:264, NAME:SPLASH LPE 18:1(d7)
may. 25, 2020 8:13:31 P. M. msmsreader.MSMSReader getLectura
INFO: ROW:265, NAME:SPLASH MG 18:1(d7)
may. 25, 2020 8:13:31 P. M. msmsreader.MSMSReader getLectura
INFO: ROW:267, NAME:SPLASH PS 15:0_18:1(d7)
may. 25, 2020 8:13:31 P. M. msmsreader.MSMSReader getLectura
INFO: ROW:620, NAME:SPLASH Cer 18:1;2O/16:0(d9)
may. 25, 2020 8:13:31 P. M. msmsreader.MSMSReader getLectura
INFO: ROW:621, NAME:SPLASH FA 20:4(d11)
may. 25, 2020 8:13:31 P. M. msmsreader.MSMSReader getLectura
INFO: ROW:622, NAME:SPLASH LPC 18:1(d7)
may. 25, 2020 8:13:31 P. M. msmsreader.MSMSReader getLectura
INFO: ROW:623, NAME:SPLASH LPE 18:1(d7)
may. 25, 2020 8:13:31 P. M. msmsreader.MSMSReader getLectura
INFO: ROW:625, NAME:SPLASH PI 15:0_18:1(d7)
