jun. 15, 2020 8:44:00 P. M. msmsreader.MSMSReader getLectura
INFO: ROW:347, NAME:SPLASH CE 18:1(d7)
jun. 15, 2020 8:44:00 P. M. msmsreader.MSMSReader getLectura
INFO: ROW:348, NAME:SPLASH Cer 18:1;2O/15:0(d7)
jun. 15, 2020 8:44:00 P. M. msmsreader.MSMSReader getLectura
INFO: ROW:349, NAME:SPLASH Cer 18:1;2O/15:0(d9)
jun. 15, 2020 8:44:00 P. M. msmsreader.MSMSReader getLectura
INFO: ROW:350, NAME:SPLASH FA 16:0(d3)
jun. 15, 2020 8:44:00 P. M. msmsreader.MSMSReader getLectura
INFO: ROW:351, NAME:SPLASH FA 18:0(d3)
jun. 15, 2020 8:44:00 P. M. msmsreader.MSMSReader getLectura
INFO: ROW:352, NAME:SPLASH LPC 18:1(d7)
jun. 15, 2020 8:44:00 P. M. msmsreader.MSMSReader getLectura
INFO: ROW:353, NAME:SPLASH LPC 18:1(d7)
jun. 15, 2020 8:44:00 P. M. msmsreader.MSMSReader getLectura
INFO: ROW:354, NAME:SPLASH LPE 18:1(d7)
jun. 15, 2020 8:44:00 P. M. msmsreader.MSMSReader getLectura
INFO: ROW:355, NAME:SPLASH LPE 18:1(d7)
jun. 15, 2020 8:44:00 P. M. msmsreader.MSMSReader getLectura
INFO: ROW:356, NAME:SPLASH MG 18:1(d7)
jun. 15, 2020 8:44:00 P. M. msmsreader.MSMSReader getLectura
INFO: ROW:357, NAME:SPLASH PC 15:0_18:1(d7)
jun. 15, 2020 8:44:00 P. M. msmsreader.MSMSReader getLectura
INFO: ROW:358, NAME:SPLASH PE 15:0_18:1(d7)
jun. 15, 2020 8:44:00 P. M. msmsreader.MSMSReader getLectura
INFO: ROW:359, NAME:SPLASH PG 15:0_18:1(d7)
jun. 15, 2020 8:44:00 P. M. msmsreader.MSMSReader getLectura
INFO: ROW:360, NAME:SPLASH PI 15:0_18:1(d7)
jun. 15, 2020 8:44:00 P. M. msmsreader.MSMSReader getLectura
INFO: ROW:361, NAME:SPLASH PI 15:0_18:1(d7)
jun. 15, 2020 8:44:00 P. M. msmsreader.MSMSReader getLectura
INFO: ROW:362, NAME:SPLASH PS 15:0_18:1(d7)
jun. 15, 2020 8:44:00 P. M. msmsreader.MSMSReader getLectura
INFO: ROW:363, NAME:SPLASH SM 18:1;2O/18:1(d9)
jun. 15, 2020 8:44:00 P. M. msmsreader.MSMSReader getLectura
INFO: ROW:364, NAME:SPLASH SM 18:1;2O/18:1(d9)
jun. 15, 2020 8:44:00 P. M. msmsreader.MSMSReader getLectura
INFO: ROW:365, NAME:SPLASH TG 15:0_18:1_15:0(d7)
