jun. 15, 2020 8:44:01 P. M. msmsreader.MSMSReader getLectura
INFO: ROW:130, NAMESPB 17:1;2O, SMILES:CCCCCCCCCCCC\C=C\C(O)C(N)CO, INCHIKEY:RBEJCQPPFCKTRZ-BUHFOSPRNA-N P:null
jun. 15, 2020 8:44:01 P. M. msmsreader.MSMSReader getLectura
INFO: ROW:263, NAMEFA 16:0(d3), SMILES:[2H]C([2H])([2H])CCCCCCCCCCCCCCC(O)=O, INCHIKEY:IPCSVZSSVZVIGE-FIBGUPNXSA-N P:null
jun. 15, 2020 8:44:01 P. M. msmsreader.MSMSReader getLectura
INFO: ROW:264, NAMEFA 16:0, SMILES:CCCCCCCCCCCCCCCC(O)=O, INCHIKEY:IPCSVZSSVZVIGE-UHFFFAOYSA-N P:null
jun. 15, 2020 8:44:01 P. M. msmsreader.MSMSReader getLectura
INFO: ROW:265, NAMEFA 17:0, SMILES:CCCCCCCCCCCCCCCCC(O)=O, INCHIKEY:KEMQGTRYUADPNZ-UHFFFAOYSA-N P:null
jun. 15, 2020 8:44:01 P. M. msmsreader.MSMSReader getLectura
INFO: ROW:266, NAMEFA 17:1, SMILES:CCCCCCC\C=C/CCCCCCCC(O)=O, INCHIKEY:QSBYPNXLFMSGKH-HJWRWDBZSA-N P:null
jun. 15, 2020 8:44:01 P. M. msmsreader.MSMSReader getLectura
INFO: ROW:267, NAMEFA 18:0, SMILES:CCCCCCCCCCCCCCCCCC(O)=O, INCHIKEY:QIQXTHQIDYTFRH-UHFFFAOYSA-N P:null
jun. 15, 2020 8:44:01 P. M. msmsreader.MSMSReader getLectura
INFO: ROW:268, NAMEFA 18:1, SMILES:CCCCCCCC\C=C/CCCCCCCC(O)=O, INCHIKEY:ZQPPMHVWECSIRJ-KTKRTIGZSA-N P:null
jun. 15, 2020 8:44:01 P. M. msmsreader.MSMSReader getLectura
INFO: ROW:269, NAMEFA 19:0, SMILES:CCCCCCCCCCCCCCCCCCC(O)=O, INCHIKEY:ISYWECDDZWTKFF-UHFFFAOYSA-N P:null
jun. 15, 2020 8:44:01 P. M. msmsreader.MSMSReader getLectura
INFO: ROW:270, NAMEFA 20:0, SMILES:CCCCCCCCCCCCCCCCCCCC(O)=O, INCHIKEY:VKOBVWXKNCXXDE-UHFFFAOYSA-N P:null
jun. 15, 2020 8:44:01 P. M. msmsreader.MSMSReader getLectura
INFO: ROW:271, NAMEFA 20:1, SMILES:CCCCCCCC\C=C/CCCCCCCCCC(O)=O, INCHIKEY:BITHHVVYSMSWAG-KTKRTIGZSA-N P:null
jun. 15, 2020 8:44:01 P. M. msmsreader.MSMSReader getLectura
INFO: ROW:272, NAMEFA 20:2, SMILES:CCCCC\C=C/C\C=C/CCCCCCCCCC(O)=O, INCHIKEY:XSXIVVZCUAHUJO-HZJYTTRNSA-N P:null
jun. 15, 2020 8:44:01 P. M. msmsreader.MSMSReader getLectura
INFO: ROW:273, NAMEFA 20:3, SMILES:CC\C=C/C\C=C/C\C=C/CCCCCCCCCC(O)=O, INCHIKEY:AHANXAKGNAKFSK-PDBXOOCHSA-N P:null
jun. 15, 2020 8:44:01 P. M. msmsreader.MSMSReader getLectura
INFO: ROW:274, NAMEFA 20:4, SMILES:CC\C=C/C\C=C/C\C=C/C\C=C/CCCCCCC(O)=O, INCHIKEY:HQPCSDADVLFHHO-LTKCOYKYSA-N P:null
jun. 15, 2020 8:44:01 P. M. msmsreader.MSMSReader getLectura
INFO: ROW:275, NAMEFA 22:0, SMILES:CCCCCCCCCCCCCCCCCCCCCC(O)=O, INCHIKEY:UKMSUNONTOPOIO-UHFFFAOYSA-N P:null
jun. 15, 2020 8:44:01 P. M. msmsreader.MSMSReader getLectura
INFO: ROW:276, NAMEFA 22:1, SMILES:CCCCCCCC\C=C/CCCCCCCCCCCC(O)=O, INCHIKEY:DPUOLQHDNGRHBS-KTKRTIGZSA-N P:null
jun. 15, 2020 8:44:01 P. M. msmsreader.MSMSReader getLectura
INFO: ROW:277, NAMEFA 22:2, SMILES:CCCCC\C=C/C\C=C/CCCCCCCCCCCC(O)=O, INCHIKEY:HVGRZDASOHMCSK-HZJYTTRNSA-N P:null
jun. 15, 2020 8:44:01 P. M. msmsreader.MSMSReader getLectura
INFO: ROW:278, NAMEFA 22:4, SMILES:CC\C=C/C\C=C/C\C=C/C\C=C/CCCCCCCCC(O)=O, INCHIKEY:IGFLWIHPPADNDL-LTKCOYKYSA-N P:null
jun. 15, 2020 8:44:01 P. M. msmsreader.MSMSReader getLectura
INFO: ROW:279, NAMEFA 22:6, SMILES:CC\C=C/C\C=C/C\C=C/C\C=C/C\C=C/C\C=C/CCC(O)=O, INCHIKEY:MBMBGCFOFBJSGT-KUBAVDMBSA-N P:null
jun. 15, 2020 8:44:01 P. M. msmsreader.MSMSReader getLectura
INFO: ROW:280, NAMEFA 23:0, SMILES:CCCCCCCCCCCCCCCCCCCCCCC(O)=O, INCHIKEY:XEZVDURJDFGERA-UHFFFAOYSA-N P:null
jun. 15, 2020 8:44:01 P. M. msmsreader.MSMSReader getLectura
INFO: ROW:281, NAMEFA 24:1, SMILES:CCCCCCCCCC\C=C/CCCCCCCCCCCC(O)=O, INCHIKEY:AVPORSRTKOSBPH-QXMHVHEDSA-N P:null
jun. 15, 2020 8:44:01 P. M. msmsreader.MSMSReader getLectura
INFO: ROW:282, NAMEFA 24:2, SMILES:CCCCCCC\C=C/C\C=C/CCCCCCCCCCCC(O)=O, INCHIKEY:SVGHINSTYCDBLY-MURFETPASA-N P:null
jun. 15, 2020 8:44:01 P. M. msmsreader.MSMSReader getLectura
INFO: ROW:283, NAMEFA 26:0, SMILES:CCCCCCCCCCCCCCCCCCCCCCCCCC(O)=O, INCHIKEY:XMHIUKTWLZUKEX-UHFFFAOYSA-N P:null
