jun. 18, 2020 11:27:29 A. M. msmsreader.MSMSReader getLectura
INFO: ROW:222, NAME:FA 20:4(d11)
jun. 18, 2020 11:27:29 A. M. msmsreader.MSMSReader getLectura
INFO: ROW:223, NAME:SPLASH CE 18:1(d7)
jun. 18, 2020 11:27:29 A. M. msmsreader.MSMSReader getLectura
INFO: ROW:224, NAME:SPLASH Cer 18:1;2O/15:0(d7)
jun. 18, 2020 11:27:29 A. M. msmsreader.MSMSReader getLectura
INFO: ROW:225, NAME:SPLASH Cer 18:1;2O/15:0(d7)
jun. 18, 2020 11:27:29 A. M. msmsreader.MSMSReader getLectura
INFO: ROW:226, NAME:SPLASH DG 15:0_18:1(d7)
jun. 18, 2020 11:27:29 A. M. msmsreader.MSMSReader getLectura
INFO: ROW:227, NAME:SPLASH LPC 18:1(d7)
jun. 18, 2020 11:27:29 A. M. msmsreader.MSMSReader getLectura
INFO: ROW:228, NAME:SPLASH LPC 18:1(d7)
jun. 18, 2020 11:27:29 A. M. msmsreader.MSMSReader getLectura
INFO: ROW:229, NAME:SPLASH LPE 18:1(d7)
jun. 18, 2020 11:27:29 A. M. msmsreader.MSMSReader getLectura
INFO: ROW:230, NAME:SPLASH LPE 18:1(d7)
jun. 18, 2020 11:27:29 A. M. msmsreader.MSMSReader getLectura
INFO: ROW:231, NAME:SPLASH PC 15:0_18:1(d7)
jun. 18, 2020 11:27:29 A. M. msmsreader.MSMSReader getLectura
INFO: ROW:232, NAME:SPLASH PC 15:0_18:1(d7)
jun. 18, 2020 11:27:29 A. M. msmsreader.MSMSReader getLectura
INFO: ROW:233, NAME:SPLASH PE 15:0_18:1(d7)
jun. 18, 2020 11:27:29 A. M. msmsreader.MSMSReader getLectura
INFO: ROW:234, NAME:SPLASH PE 15:0_18:1(d7)
jun. 18, 2020 11:27:29 A. M. msmsreader.MSMSReader getLectura
INFO: ROW:235, NAME:SPLASH PG 15:0_18:1(d7)
jun. 18, 2020 11:27:29 A. M. msmsreader.MSMSReader getLectura
INFO: ROW:236, NAME:SPLASH PG 15:0_18:1(d7)
jun. 18, 2020 11:27:29 A. M. msmsreader.MSMSReader getLectura
INFO: ROW:237, NAME:SPLASH PI 15:0_18:1(d7)
jun. 18, 2020 11:27:29 A. M. msmsreader.MSMSReader getLectura
INFO: ROW:238, NAME:SPLASH PI 15:0_18:1(d7)
jun. 18, 2020 11:27:29 A. M. msmsreader.MSMSReader getLectura
INFO: ROW:239, NAME:SPLASH PS 15:0_18:1(d7)
jun. 18, 2020 11:27:29 A. M. msmsreader.MSMSReader getLectura
INFO: ROW:240, NAME:SPLASH PS 15:0_18:1(d7)
jun. 18, 2020 11:27:29 A. M. msmsreader.MSMSReader getLectura
INFO: ROW:241, NAME:SPLASH SM 18:1;2O/18:1(d9)
jun. 18, 2020 11:27:29 A. M. msmsreader.MSMSReader getLectura
INFO: ROW:242, NAME:SPLASH SM 18:1;2O/18:1(d9)
jun. 18, 2020 11:27:29 A. M. msmsreader.MSMSReader getLectura
INFO: ROW:243, NAME:SPLASH TG 15:0_18:1_15:0(d7)
jun. 18, 2020 11:27:29 A. M. msmsreader.MSMSReader getLectura
INFO: ROW:267, NAME:SPLASH LPC 18:1(d7)
jun. 18, 2020 11:27:29 A. M. msmsreader.MSMSReader getLectura
INFO: ROW:276, NAME:SPLASH LPE 18:1(d7)
jun. 18, 2020 11:27:29 A. M. msmsreader.MSMSReader getLectura
INFO: ROW:454, NAME:SPLASH SM 18:1;2O/18:0(d9)
