jun. 15, 2020 8:43:50 P. M. msmsreader.MSMSReader getLectura
INFO: ROW:232, NAME:FA 20:4(d11)
jun. 15, 2020 8:43:50 P. M. msmsreader.MSMSReader getLectura
INFO: ROW:233, NAME:SPLASH CE 18:1(d7)
jun. 15, 2020 8:43:50 P. M. msmsreader.MSMSReader getLectura
INFO: ROW:234, NAME:SPLASH Cer 18:1;2O/15:0(d7)
jun. 15, 2020 8:43:50 P. M. msmsreader.MSMSReader getLectura
INFO: ROW:235, NAME:SPLASH Cer 18:1;2O/15:0(d7)
jun. 15, 2020 8:43:50 P. M. msmsreader.MSMSReader getLectura
INFO: ROW:236, NAME:SPLASH DG 15:0_18:1(d7)
jun. 15, 2020 8:43:50 P. M. msmsreader.MSMSReader getLectura
INFO: ROW:237, NAME:SPLASH LPC 18:1(d7)
jun. 15, 2020 8:43:50 P. M. msmsreader.MSMSReader getLectura
INFO: ROW:238, NAME:SPLASH LPC 18:1(d7)
jun. 15, 2020 8:43:50 P. M. msmsreader.MSMSReader getLectura
INFO: ROW:239, NAME:SPLASH LPE 18:1(d7)
jun. 15, 2020 8:43:50 P. M. msmsreader.MSMSReader getLectura
INFO: ROW:240, NAME:SPLASH LPE 18:1(d7)
jun. 15, 2020 8:43:50 P. M. msmsreader.MSMSReader getLectura
INFO: ROW:241, NAME:SPLASH PC 15:0_18:1(d7)
jun. 15, 2020 8:43:50 P. M. msmsreader.MSMSReader getLectura
INFO: ROW:242, NAME:SPLASH PC 15:0_18:1(d7)
jun. 15, 2020 8:43:50 P. M. msmsreader.MSMSReader getLectura
INFO: ROW:243, NAME:SPLASH PE 15:0_18:1(d7)
jun. 15, 2020 8:43:50 P. M. msmsreader.MSMSReader getLectura
INFO: ROW:244, NAME:SPLASH PE 15:0_18:1(d7)
jun. 15, 2020 8:43:50 P. M. msmsreader.MSMSReader getLectura
INFO: ROW:245, NAME:SPLASH PG 15:0_18:1(d7)
jun. 15, 2020 8:43:50 P. M. msmsreader.MSMSReader getLectura
INFO: ROW:246, NAME:SPLASH PG 15:0_18:1(d7)
jun. 15, 2020 8:43:50 P. M. msmsreader.MSMSReader getLectura
INFO: ROW:247, NAME:SPLASH PI 15:0_18:1(d7)
jun. 15, 2020 8:43:50 P. M. msmsreader.MSMSReader getLectura
INFO: ROW:248, NAME:SPLASH PS 15:0_18:1(d7)
jun. 15, 2020 8:43:50 P. M. msmsreader.MSMSReader getLectura
INFO: ROW:249, NAME:SPLASH PS 15:0_18:1(d7)
jun. 15, 2020 8:43:50 P. M. msmsreader.MSMSReader getLectura
INFO: ROW:250, NAME:SPLASH SM 18:1;2O/18:1(d9)
jun. 15, 2020 8:43:50 P. M. msmsreader.MSMSReader getLectura
INFO: ROW:251, NAME:SPLASH SM 18:1;2O/18:1(d9)
jun. 15, 2020 8:43:50 P. M. msmsreader.MSMSReader getLectura
INFO: ROW:252, NAME:SPLASH TG 15:0_18:1_15:0(d7)
jun. 15, 2020 8:43:50 P. M. msmsreader.MSMSReader getLectura
INFO: ROW:287, NAME:SPLASH LPC 18:1(d7)
jun. 15, 2020 8:43:50 P. M. msmsreader.MSMSReader getLectura
INFO: ROW:301, NAME:SPLASH LPE 18:1(d7)
jun. 15, 2020 8:43:50 P. M. msmsreader.MSMSReader getLectura
INFO: ROW:548, NAME:SPLASH SM 18:1;2O/18:0(d9)
