jun. 15, 2020 8:43:50 P. M. msmsreader.MSMSReader getLectura
INFO: ROW:145, NAME:FA 20:4(d11)
jun. 15, 2020 8:43:50 P. M. msmsreader.MSMSReader getLectura
INFO: ROW:146, NAME:SPLASH CE 18:1(d7)
jun. 15, 2020 8:43:50 P. M. msmsreader.MSMSReader getLectura
INFO: ROW:147, NAME:SPLASH Cer 18:1;2O/15:0(d7)
jun. 15, 2020 8:43:50 P. M. msmsreader.MSMSReader getLectura
INFO: ROW:148, NAME:SPLASH Cer 18:1;2O/15:0(d7)
jun. 15, 2020 8:43:50 P. M. msmsreader.MSMSReader getLectura
INFO: ROW:149, NAME:SPLASH DG 15:0_18:1(d7)
jun. 15, 2020 8:43:50 P. M. msmsreader.MSMSReader getLectura
INFO: ROW:150, NAME:SPLASH LPC 18:1(d7)
jun. 15, 2020 8:43:50 P. M. msmsreader.MSMSReader getLectura
INFO: ROW:151, NAME:SPLASH LPC 18:1(d7)
jun. 15, 2020 8:43:50 P. M. msmsreader.MSMSReader getLectura
INFO: ROW:152, NAME:SPLASH LPE 18:1(d7)
jun. 15, 2020 8:43:50 P. M. msmsreader.MSMSReader getLectura
INFO: ROW:153, NAME:SPLASH LPE 18:1(d7)
jun. 15, 2020 8:43:50 P. M. msmsreader.MSMSReader getLectura
INFO: ROW:154, NAME:SPLASH PC 15:0_18:1(d7)
jun. 15, 2020 8:43:50 P. M. msmsreader.MSMSReader getLectura
INFO: ROW:155, NAME:SPLASH PC 15:0_18:1(d7)
jun. 15, 2020 8:43:50 P. M. msmsreader.MSMSReader getLectura
INFO: ROW:156, NAME:SPLASH PE 15:0_18:1(d7)
jun. 15, 2020 8:43:50 P. M. msmsreader.MSMSReader getLectura
INFO: ROW:157, NAME:SPLASH PE 15:0_18:1(d7)
jun. 15, 2020 8:43:50 P. M. msmsreader.MSMSReader getLectura
INFO: ROW:158, NAME:SPLASH PG 15:0_18:1(d7)
jun. 15, 2020 8:43:50 P. M. msmsreader.MSMSReader getLectura
INFO: ROW:159, NAME:SPLASH PG 15:0_18:1(d7)
jun. 15, 2020 8:43:50 P. M. msmsreader.MSMSReader getLectura
INFO: ROW:160, NAME:SPLASH PI 15:0_18:1(d7)
jun. 15, 2020 8:43:50 P. M. msmsreader.MSMSReader getLectura
INFO: ROW:161, NAME:SPLASH PI 15:0_18:1(d7)
jun. 15, 2020 8:43:50 P. M. msmsreader.MSMSReader getLectura
INFO: ROW:162, NAME:SPLASH PS 15:0_18:1(d7)
jun. 15, 2020 8:43:50 P. M. msmsreader.MSMSReader getLectura
INFO: ROW:163, NAME:SPLASH PS 15:0_18:1(d7)
jun. 15, 2020 8:43:50 P. M. msmsreader.MSMSReader getLectura
INFO: ROW:164, NAME:SPLASH SM 18:1;2O/18:1(d9)
jun. 15, 2020 8:43:50 P. M. msmsreader.MSMSReader getLectura
INFO: ROW:165, NAME:SPLASH SM 18:1;2O/18:1(d9)
jun. 15, 2020 8:43:50 P. M. msmsreader.MSMSReader getLectura
INFO: ROW:166, NAME:SPLASH TG 15:0_18:1_15:0(d7)
jun. 15, 2020 8:43:50 P. M. msmsreader.MSMSReader getLectura
INFO: ROW:198, NAME:SPLASH LPC 18:1(d7)
jun. 15, 2020 8:43:50 P. M. msmsreader.MSMSReader getLectura
INFO: ROW:208, NAME:SPLASH LPE 18:1(d7)
jun. 15, 2020 8:43:50 P. M. msmsreader.MSMSReader getLectura
INFO: ROW:299, NAME:SPLASH SM 18:1;2O/18:0(d9)
