jun. 18, 2020 11:27:28 A. M. msmsreader.MSMSReader getLectura
INFO: ROW:299, NAME:FA 20:4(d11)
jun. 18, 2020 11:27:28 A. M. msmsreader.MSMSReader getLectura
INFO: ROW:300, NAME:SPLASH CE 18:1(d7)
jun. 18, 2020 11:27:28 A. M. msmsreader.MSMSReader getLectura
INFO: ROW:301, NAME:SPLASH Cer 18:1;2O/15:0(d7)
jun. 18, 2020 11:27:28 A. M. msmsreader.MSMSReader getLectura
INFO: ROW:302, NAME:SPLASH Cer 18:1;2O/15:0(d7)
jun. 18, 2020 11:27:28 A. M. msmsreader.MSMSReader getLectura
INFO: ROW:303, NAME:SPLASH DG 15:0_18:1(d7)
jun. 18, 2020 11:27:28 A. M. msmsreader.MSMSReader getLectura
INFO: ROW:304, NAME:SPLASH LPC 18:1(d7)
jun. 18, 2020 11:27:28 A. M. msmsreader.MSMSReader getLectura
INFO: ROW:305, NAME:SPLASH LPC 18:1(d7)
jun. 18, 2020 11:27:28 A. M. msmsreader.MSMSReader getLectura
INFO: ROW:306, NAME:SPLASH LPE 18:1(d7)
jun. 18, 2020 11:27:28 A. M. msmsreader.MSMSReader getLectura
INFO: ROW:307, NAME:SPLASH LPE 18:1(d7)
jun. 18, 2020 11:27:28 A. M. msmsreader.MSMSReader getLectura
INFO: ROW:308, NAME:SPLASH PC 15:0_18:1(d7)
jun. 18, 2020 11:27:28 A. M. msmsreader.MSMSReader getLectura
INFO: ROW:309, NAME:SPLASH PC 15:0_18:1(d7)
jun. 18, 2020 11:27:28 A. M. msmsreader.MSMSReader getLectura
INFO: ROW:310, NAME:SPLASH PE 15:0_18:1(d7)
jun. 18, 2020 11:27:28 A. M. msmsreader.MSMSReader getLectura
INFO: ROW:311, NAME:SPLASH PE 15:0_18:1(d7)
jun. 18, 2020 11:27:28 A. M. msmsreader.MSMSReader getLectura
INFO: ROW:312, NAME:SPLASH PG 15:0_18:1(d7)
jun. 18, 2020 11:27:28 A. M. msmsreader.MSMSReader getLectura
INFO: ROW:313, NAME:SPLASH PG 15:0_18:1(d7)
jun. 18, 2020 11:27:28 A. M. msmsreader.MSMSReader getLectura
INFO: ROW:314, NAME:SPLASH PI 15:0_18:1(d7)
jun. 18, 2020 11:27:28 A. M. msmsreader.MSMSReader getLectura
INFO: ROW:315, NAME:SPLASH PS 15:0_18:1(d7)
jun. 18, 2020 11:27:28 A. M. msmsreader.MSMSReader getLectura
INFO: ROW:316, NAME:SPLASH PS 15:0_18:1(d7)
jun. 18, 2020 11:27:28 A. M. msmsreader.MSMSReader getLectura
INFO: ROW:317, NAME:SPLASH SM 18:1;2O/18:1(d9)
jun. 18, 2020 11:27:28 A. M. msmsreader.MSMSReader getLectura
INFO: ROW:318, NAME:SPLASH SM 18:1;2O/18:1(d9)
jun. 18, 2020 11:27:28 A. M. msmsreader.MSMSReader getLectura
INFO: ROW:319, NAME:SPLASH TG 15:0_18:1_15:0(d7)
jun. 18, 2020 11:27:28 A. M. msmsreader.MSMSReader getLectura
INFO: ROW:351, NAME:SPLASH LPC 18:1(d7)
jun. 18, 2020 11:27:28 A. M. msmsreader.MSMSReader getLectura
INFO: ROW:365, NAME:SPLASH LPE 18:1(d7)
jun. 18, 2020 11:27:28 A. M. msmsreader.MSMSReader getLectura
INFO: ROW:609, NAME:SPLASH SM 18:1;2O/18:0(d9)
