jun. 17, 2020 9:43:19 P. M. msmsreader.MSMSReader getLectura
INFO: ROW:214, NAME:SPLASH Cer 18:1;2O/16:0(d9)
jun. 17, 2020 9:43:19 P. M. msmsreader.MSMSReader getLectura
INFO: ROW:215, NAME:SPLASH Cholesterol(d7)
jun. 17, 2020 9:43:19 P. M. msmsreader.MSMSReader getLectura
INFO: ROW:216, NAME:SPLASH LPC 18:1(d7)
jun. 17, 2020 9:43:19 P. M. msmsreader.MSMSReader getLectura
INFO: ROW:217, NAME:SPLASH LPE 18:1(d7)
jun. 17, 2020 9:43:19 P. M. msmsreader.MSMSReader getLectura
INFO: ROW:218, NAME:SPLASH MG 18:1(d7)
jun. 17, 2020 9:43:19 P. M. msmsreader.MSMSReader getLectura
INFO: ROW:219, NAME:SPLASH PI 15:0_18:1(d7)
jun. 17, 2020 9:43:19 P. M. msmsreader.MSMSReader getLectura
INFO: ROW:220, NAME:SPLASH PS 15:0_18:1(d7)
jun. 17, 2020 9:43:19 P. M. msmsreader.MSMSReader getLectura
INFO: ROW:788, NAME:SPLASH Cer 18:1;2O/16:0(d9)
jun. 17, 2020 9:43:19 P. M. msmsreader.MSMSReader getLectura
INFO: ROW:789, NAME:SPLASH FA 20:4(d11)
jun. 17, 2020 9:43:19 P. M. msmsreader.MSMSReader getLectura
INFO: ROW:790, NAME:SPLASH LPC 18:1(d7)
jun. 17, 2020 9:43:19 P. M. msmsreader.MSMSReader getLectura
INFO: ROW:791, NAME:SPLASH LPE 18:1(d7)
jun. 17, 2020 9:43:19 P. M. msmsreader.MSMSReader getLectura
INFO: ROW:792, NAME:SPLASH PI 15:0_18:1(d7)
jun. 17, 2020 9:43:19 P. M. msmsreader.MSMSReader getLectura
INFO: ROW:793, NAME:SPLASH PS 15:0_18:1(d7)
