jun. 15, 2020 8:43:49 P. M. msmsreader.MSMSReader getLectura
INFO: ROW:328, NAME:FA 20:4(d11)
jun. 15, 2020 8:43:49 P. M. msmsreader.MSMSReader getLectura
INFO: ROW:329, NAME:SPLASH CE 18:1(d7)
jun. 15, 2020 8:43:49 P. M. msmsreader.MSMSReader getLectura
INFO: ROW:330, NAME:SPLASH Cer 18:1;2O/15:0(d7)
jun. 15, 2020 8:43:49 P. M. msmsreader.MSMSReader getLectura
INFO: ROW:331, NAME:SPLASH Cer 18:1;2O/15:0(d7)
jun. 15, 2020 8:43:49 P. M. msmsreader.MSMSReader getLectura
INFO: ROW:332, NAME:SPLASH DG 15:0_18:1(d7)
jun. 15, 2020 8:43:49 P. M. msmsreader.MSMSReader getLectura
INFO: ROW:333, NAME:SPLASH LPC 18:1(d7)
jun. 15, 2020 8:43:49 P. M. msmsreader.MSMSReader getLectura
INFO: ROW:334, NAME:SPLASH LPC 18:1(d7)
jun. 15, 2020 8:43:49 P. M. msmsreader.MSMSReader getLectura
INFO: ROW:335, NAME:SPLASH LPE 18:1(d7)
jun. 15, 2020 8:43:49 P. M. msmsreader.MSMSReader getLectura
INFO: ROW:336, NAME:SPLASH LPE 18:1(d7)
jun. 15, 2020 8:43:49 P. M. msmsreader.MSMSReader getLectura
INFO: ROW:337, NAME:SPLASH PC 15:0_18:1(d7)
jun. 15, 2020 8:43:49 P. M. msmsreader.MSMSReader getLectura
INFO: ROW:338, NAME:SPLASH PC 15:0_18:1(d7)
jun. 15, 2020 8:43:49 P. M. msmsreader.MSMSReader getLectura
INFO: ROW:339, NAME:SPLASH PE 15:0_18:1(d7)
jun. 15, 2020 8:43:49 P. M. msmsreader.MSMSReader getLectura
INFO: ROW:340, NAME:SPLASH PE 15:0_18:1(d7)
jun. 15, 2020 8:43:49 P. M. msmsreader.MSMSReader getLectura
INFO: ROW:341, NAME:SPLASH PG 15:0_18:1(d7)
jun. 15, 2020 8:43:49 P. M. msmsreader.MSMSReader getLectura
INFO: ROW:342, NAME:SPLASH PG 15:0_18:1(d7)
jun. 15, 2020 8:43:49 P. M. msmsreader.MSMSReader getLectura
INFO: ROW:343, NAME:SPLASH PI 15:0_18:1(d7)
jun. 15, 2020 8:43:49 P. M. msmsreader.MSMSReader getLectura
INFO: ROW:344, NAME:SPLASH PI 15:0_18:1(d7)
jun. 15, 2020 8:43:49 P. M. msmsreader.MSMSReader getLectura
INFO: ROW:345, NAME:SPLASH PS 15:0_18:1(d7)
jun. 15, 2020 8:43:49 P. M. msmsreader.MSMSReader getLectura
INFO: ROW:346, NAME:SPLASH PS 15:0_18:1(d7)
jun. 15, 2020 8:43:49 P. M. msmsreader.MSMSReader getLectura
INFO: ROW:347, NAME:SPLASH SM 18:1;2O/18:1(d9)
jun. 15, 2020 8:43:49 P. M. msmsreader.MSMSReader getLectura
INFO: ROW:348, NAME:SPLASH SM 18:1;2O/18:1(d9)
jun. 15, 2020 8:43:49 P. M. msmsreader.MSMSReader getLectura
INFO: ROW:349, NAME:SPLASH TG 15:0_18:1_15:0(d7)
jun. 15, 2020 8:43:49 P. M. msmsreader.MSMSReader getLectura
INFO: ROW:382, NAME:SPLASH LPC 18:1(d7)
jun. 15, 2020 8:43:49 P. M. msmsreader.MSMSReader getLectura
INFO: ROW:394, NAME:SPLASH LPE 18:1(d7)
jun. 15, 2020 8:43:49 P. M. msmsreader.MSMSReader getLectura
INFO: ROW:506, NAME:SPLASH SM 18:1;2O/18:0(d9)
