jun. 18, 2020 11:27:39 A. M. msmsreader.MSMSReader getLectura
INFO: ROW:357, NAME:SPLASH CE 18:1(d7)
jun. 18, 2020 11:27:39 A. M. msmsreader.MSMSReader getLectura
INFO: ROW:358, NAME:SPLASH Cer 18:1;2O/15:0(d7)
jun. 18, 2020 11:27:39 A. M. msmsreader.MSMSReader getLectura
INFO: ROW:359, NAME:SPLASH Cer 18:1;2O/15:0(d9)
jun. 18, 2020 11:27:39 A. M. msmsreader.MSMSReader getLectura
INFO: ROW:360, NAME:SPLASH FA 16:0(d3)
jun. 18, 2020 11:27:39 A. M. msmsreader.MSMSReader getLectura
INFO: ROW:361, NAME:SPLASH FA 18:0(d3)
jun. 18, 2020 11:27:39 A. M. msmsreader.MSMSReader getLectura
INFO: ROW:362, NAME:SPLASH LPC 18:1(d7)
jun. 18, 2020 11:27:39 A. M. msmsreader.MSMSReader getLectura
INFO: ROW:363, NAME:SPLASH LPC 18:1(d7)
jun. 18, 2020 11:27:39 A. M. msmsreader.MSMSReader getLectura
INFO: ROW:364, NAME:SPLASH LPE 18:1(d7)
jun. 18, 2020 11:27:39 A. M. msmsreader.MSMSReader getLectura
INFO: ROW:365, NAME:SPLASH LPE 18:1(d7)
jun. 18, 2020 11:27:39 A. M. msmsreader.MSMSReader getLectura
INFO: ROW:366, NAME:SPLASH MG 18:1(d7)
jun. 18, 2020 11:27:39 A. M. msmsreader.MSMSReader getLectura
INFO: ROW:367, NAME:SPLASH PC 15:0_18:1(d7)
jun. 18, 2020 11:27:39 A. M. msmsreader.MSMSReader getLectura
INFO: ROW:368, NAME:SPLASH PE 15:0_18:1(d7)
jun. 18, 2020 11:27:39 A. M. msmsreader.MSMSReader getLectura
INFO: ROW:369, NAME:SPLASH PG 15:0_18:1(d7)
jun. 18, 2020 11:27:39 A. M. msmsreader.MSMSReader getLectura
INFO: ROW:370, NAME:SPLASH PI 15:0_18:1(d7)
jun. 18, 2020 11:27:39 A. M. msmsreader.MSMSReader getLectura
INFO: ROW:371, NAME:SPLASH PI 15:0_18:1(d7)
jun. 18, 2020 11:27:39 A. M. msmsreader.MSMSReader getLectura
INFO: ROW:372, NAME:SPLASH PS 15:0_18:1(d7)
jun. 18, 2020 11:27:39 A. M. msmsreader.MSMSReader getLectura
INFO: ROW:373, NAME:SPLASH SM 18:1;2O/18:1(d9)
jun. 18, 2020 11:27:39 A. M. msmsreader.MSMSReader getLectura
INFO: ROW:374, NAME:SPLASH SM 18:1;2O/18:1(d9)
jun. 18, 2020 11:27:39 A. M. msmsreader.MSMSReader getLectura
INFO: ROW:375, NAME:SPLASH TG 15:0_18:1_15:0(d7)
