jun. 18, 2020 11:27:26 A. M. msmsreader.MSMSReader getLectura
INFO: ROW:280, NAME:FA 20:4(d11)
jun. 18, 2020 11:27:26 A. M. msmsreader.MSMSReader getLectura
INFO: ROW:281, NAME:SPLASH CE 18:1(d7)
jun. 18, 2020 11:27:26 A. M. msmsreader.MSMSReader getLectura
INFO: ROW:282, NAME:SPLASH Cer 18:1;2O/15:0(d7)
jun. 18, 2020 11:27:26 A. M. msmsreader.MSMSReader getLectura
INFO: ROW:283, NAME:SPLASH Cer 18:1;2O/15:0(d7)
jun. 18, 2020 11:27:26 A. M. msmsreader.MSMSReader getLectura
INFO: ROW:284, NAME:SPLASH DG 15:0_18:1(d7)
jun. 18, 2020 11:27:26 A. M. msmsreader.MSMSReader getLectura
INFO: ROW:285, NAME:SPLASH LPC 18:1(d7)
jun. 18, 2020 11:27:26 A. M. msmsreader.MSMSReader getLectura
INFO: ROW:286, NAME:SPLASH LPC 18:1(d7)
jun. 18, 2020 11:27:26 A. M. msmsreader.MSMSReader getLectura
INFO: ROW:287, NAME:SPLASH LPE 18:1(d7)
jun. 18, 2020 11:27:26 A. M. msmsreader.MSMSReader getLectura
INFO: ROW:288, NAME:SPLASH LPE 18:1(d7)
jun. 18, 2020 11:27:26 A. M. msmsreader.MSMSReader getLectura
INFO: ROW:289, NAME:SPLASH PC 15:0_18:1(d7)
jun. 18, 2020 11:27:26 A. M. msmsreader.MSMSReader getLectura
INFO: ROW:290, NAME:SPLASH PC 15:0_18:1(d7)
jun. 18, 2020 11:27:26 A. M. msmsreader.MSMSReader getLectura
INFO: ROW:291, NAME:SPLASH PE 15:0_18:1(d7)
jun. 18, 2020 11:27:26 A. M. msmsreader.MSMSReader getLectura
INFO: ROW:292, NAME:SPLASH PE 15:0_18:1(d7)
jun. 18, 2020 11:27:26 A. M. msmsreader.MSMSReader getLectura
INFO: ROW:293, NAME:SPLASH PG 15:0_18:1(d7)
jun. 18, 2020 11:27:26 A. M. msmsreader.MSMSReader getLectura
INFO: ROW:294, NAME:SPLASH PG 15:0_18:1(d7)
jun. 18, 2020 11:27:26 A. M. msmsreader.MSMSReader getLectura
INFO: ROW:295, NAME:SPLASH PI 15:0_18:1(d7)
jun. 18, 2020 11:27:26 A. M. msmsreader.MSMSReader getLectura
INFO: ROW:296, NAME:SPLASH PI 15:0_18:1(d7)
jun. 18, 2020 11:27:26 A. M. msmsreader.MSMSReader getLectura
INFO: ROW:297, NAME:SPLASH PS 15:0_18:1(d7)
jun. 18, 2020 11:27:26 A. M. msmsreader.MSMSReader getLectura
INFO: ROW:298, NAME:SPLASH PS 15:0_18:1(d7)
jun. 18, 2020 11:27:26 A. M. msmsreader.MSMSReader getLectura
INFO: ROW:299, NAME:SPLASH SM 18:1;2O/18:1(d9)
jun. 18, 2020 11:27:26 A. M. msmsreader.MSMSReader getLectura
INFO: ROW:300, NAME:SPLASH SM 18:1;2O/18:1(d9)
jun. 18, 2020 11:27:26 A. M. msmsreader.MSMSReader getLectura
INFO: ROW:301, NAME:SPLASH TG 15:0_18:1_15:0(d7)
jun. 18, 2020 11:27:26 A. M. msmsreader.MSMSReader getLectura
INFO: ROW:328, NAME:SPLASH LPC 18:1(d7)
jun. 18, 2020 11:27:26 A. M. msmsreader.MSMSReader getLectura
INFO: ROW:337, NAME:SPLASH LPE 18:1(d7)
jun. 18, 2020 11:27:26 A. M. msmsreader.MSMSReader getLectura
INFO: ROW:638, NAME:SPLASH SM 18:1;2O/18:0(d9)
