jun. 15, 2020 8:43:48 P. M. msmsreader.MSMSReader getLectura
INFO: ROW:204, NAME:FA 20:4(d11)
jun. 15, 2020 8:43:48 P. M. msmsreader.MSMSReader getLectura
INFO: ROW:205, NAME:SPLASH CE 18:1(d7)
jun. 15, 2020 8:43:48 P. M. msmsreader.MSMSReader getLectura
INFO: ROW:206, NAME:SPLASH Cer 18:1;2O/15:0(d7)
jun. 15, 2020 8:43:48 P. M. msmsreader.MSMSReader getLectura
INFO: ROW:207, NAME:SPLASH Cer 18:1;2O/15:0(d7)
jun. 15, 2020 8:43:48 P. M. msmsreader.MSMSReader getLectura
INFO: ROW:208, NAME:SPLASH DG 15:0_18:1(d7)
jun. 15, 2020 8:43:48 P. M. msmsreader.MSMSReader getLectura
INFO: ROW:209, NAME:SPLASH LPC 18:1(d7)
jun. 15, 2020 8:43:48 P. M. msmsreader.MSMSReader getLectura
INFO: ROW:210, NAME:SPLASH LPC 18:1(d7)
jun. 15, 2020 8:43:48 P. M. msmsreader.MSMSReader getLectura
INFO: ROW:211, NAME:SPLASH LPE 18:1(d7)
jun. 15, 2020 8:43:48 P. M. msmsreader.MSMSReader getLectura
INFO: ROW:212, NAME:SPLASH LPE 18:1(d7)
jun. 15, 2020 8:43:48 P. M. msmsreader.MSMSReader getLectura
INFO: ROW:213, NAME:SPLASH PC 15:0_18:1(d7)
jun. 15, 2020 8:43:48 P. M. msmsreader.MSMSReader getLectura
INFO: ROW:214, NAME:SPLASH PC 15:0_18:1(d7)
jun. 15, 2020 8:43:48 P. M. msmsreader.MSMSReader getLectura
INFO: ROW:215, NAME:SPLASH PE 15:0_18:1(d7)
jun. 15, 2020 8:43:48 P. M. msmsreader.MSMSReader getLectura
INFO: ROW:216, NAME:SPLASH PE 15:0_18:1(d7)
jun. 15, 2020 8:43:48 P. M. msmsreader.MSMSReader getLectura
INFO: ROW:217, NAME:SPLASH PG 15:0_18:1(d7)
jun. 15, 2020 8:43:48 P. M. msmsreader.MSMSReader getLectura
INFO: ROW:218, NAME:SPLASH PG 15:0_18:1(d7)
jun. 15, 2020 8:43:48 P. M. msmsreader.MSMSReader getLectura
INFO: ROW:219, NAME:SPLASH PI 15:0_18:1(d7)
jun. 15, 2020 8:43:48 P. M. msmsreader.MSMSReader getLectura
INFO: ROW:220, NAME:SPLASH PI 15:0_18:1(d7)
jun. 15, 2020 8:43:48 P. M. msmsreader.MSMSReader getLectura
INFO: ROW:221, NAME:SPLASH PS 15:0_18:1(d7)
jun. 15, 2020 8:43:48 P. M. msmsreader.MSMSReader getLectura
INFO: ROW:222, NAME:SPLASH PS 15:0_18:1(d7)
jun. 15, 2020 8:43:48 P. M. msmsreader.MSMSReader getLectura
INFO: ROW:223, NAME:SPLASH SM 18:1;2O/18:1(d9)
jun. 15, 2020 8:43:48 P. M. msmsreader.MSMSReader getLectura
INFO: ROW:224, NAME:SPLASH SM 18:1;2O/18:1(d9)
jun. 15, 2020 8:43:48 P. M. msmsreader.MSMSReader getLectura
INFO: ROW:225, NAME:SPLASH TG 15:0_18:1_15:0(d7)
jun. 15, 2020 8:43:48 P. M. msmsreader.MSMSReader getLectura
INFO: ROW:242, NAME:SPLASH LPC 18:1(d7)
jun. 15, 2020 8:43:48 P. M. msmsreader.MSMSReader getLectura
INFO: ROW:249, NAME:SPLASH LPE 18:1(d7)
jun. 15, 2020 8:43:48 P. M. msmsreader.MSMSReader getLectura
INFO: ROW:417, NAME:SPLASH SM 18:1;2O/18:0(d9)
