jun. 15, 2020 8:44:00 P. M. msmsreader.MSMSReader getLectura
INFO: ROW:58, NAMEFA 17:0, SMILES:CCCCCCCCCCCCCCCCC(O)=O, INCHIKEY:KEMQGTRYUADPNZ-UHFFFAOYSA-N P:null
jun. 15, 2020 8:44:00 P. M. msmsreader.MSMSReader getLectura
INFO: ROW:60, NAMEFA 18:0, SMILES:CCCCCCCCCCCCCCCCCC(O)=O, INCHIKEY:QIQXTHQIDYTFRH-UHFFFAOYSA-N P:null
jun. 15, 2020 8:44:00 P. M. msmsreader.MSMSReader getLectura
INFO: ROW:70, NAMEFA 20:3, SMILES:CC\C=C/C\C=C/C\C=C/CCCCCCCCCC(O)=O, INCHIKEY:AHANXAKGNAKFSK-PDBXOOCHSA-N P:null
jun. 15, 2020 8:44:00 P. M. msmsreader.MSMSReader getLectura
INFO: ROW:76, NAMEFA 22:2, SMILES:CCCCC\C=C/C\C=C/CCCCCCCCCCCC(O)=O, INCHIKEY:HVGRZDASOHMCSK-HZJYTTRNSA-N P:null
jun. 15, 2020 8:44:00 P. M. msmsreader.MSMSReader getLectura
INFO: ROW:83, NAMEFA 25:0, SMILES:CCCCCCCCCCCCCCCCCCCCCCCCC(O)=O, INCHIKEY:MWMPEAHGUXCSMY-UHFFFAOYSA-N P:null
jun. 15, 2020 8:44:00 P. M. msmsreader.MSMSReader getLectura
INFO: ROW:84, NAMEFA 26:0, SMILES:CCCCCCCCCCCCCCCCCCCCCCCCCC(O)=O, INCHIKEY:XMHIUKTWLZUKEX-UHFFFAOYSA-N P:null
jun. 15, 2020 8:44:00 P. M. msmsreader.MSMSReader getLectura
INFO: ROW:85, NAMEFA 26:1, SMILES:CCCCCCCCCC\C=C/CCCCCCCCCCCCCC(O)=O, INCHIKEY:ALQCJXNGZHBRNR-QXMHVHEDSA-N P:null
jun. 15, 2020 8:44:00 P. M. msmsreader.MSMSReader getLectura
INFO: ROW:86, NAMEFA 26:2, SMILES:CCCCCCC\C=C/C\C=C/CCCCCCCCCCCCCC(O)=O, INCHIKEY:GDTSCBRLHLTEKO-MURFETPASA-N P:null
jun. 15, 2020 8:44:00 P. M. msmsreader.MSMSReader getLectura
INFO: ROW:87, NAMEFA 28:0, SMILES:CCCCCCCCCCCCCCCCCCCCCCCCCCCC(O)=O, INCHIKEY:UTOPWMOLSKOLTQ-UHFFFAOYSA-N P:null
jun. 15, 2020 8:44:00 P. M. msmsreader.MSMSReader getLectura
INFO: ROW:88, NAMEFA 29:0, SMILES:CCCCCCCCCCCCCCCCCCCCCCCCCCCCC(O)=O, INCHIKEY:IHEJEKZAKSNRLY-UHFFFAOYSA-N P:null
jun. 15, 2020 8:44:00 P. M. msmsreader.MSMSReader getLectura
INFO: ROW:89, NAMEFA 30:0, SMILES:CCCCCCCCCCCCCCCCCCCCCCCCCCCCCC(O)=O, INCHIKEY:VHOCUJPBKOZGJD-UHFFFAOYSA-N P:null
jun. 15, 2020 8:44:00 P. M. msmsreader.MSMSReader getLectura
INFO: ROW:90, NAMEFA 32:0, SMILES:CCCCCCCCCCCCCCCCCCCCCCCCCCCCCCCC(O)=O, INCHIKEY:ICAIHSUWWZJGHD-UHFFFAOYSA-N P:null
jun. 15, 2020 8:44:00 P. M. msmsreader.MSMSReader getLectura
INFO: ROW:140, NAMEMG 17:0, SMILES:CCCCCCCCCCCCCCCCC(=O)OCC(O)CO, INCHIKEY:SVUQHVRAGMNPLW-UHFFFAOYNA-N P:null
jun. 15, 2020 8:44:00 P. M. msmsreader.MSMSReader getLectura
INFO: ROW:336, NAMEFA 19:0, SMILES:CCCCCCCCCCCCCCCCCCC(O)=O, INCHIKEY:ISYWECDDZWTKFF-UHFFFAOYSA-N P:null
jun. 15, 2020 8:44:00 P. M. msmsreader.MSMSReader getLectura
INFO: ROW:337, NAMEFA 22:3, SMILES:CCCCC\C=C/C\C=C/C\C=C/CCCCCCCCC(O)=O, INCHIKEY:RILVNGKQIULBOQ-QNEBEIHSSA-N P:null
jun. 15, 2020 8:44:00 P. M. msmsreader.MSMSReader getLectura
INFO: ROW:338, NAMEFA 26:3, SMILES:CCCCCCC\C=C/C\C=C/C\C=C/CCCCCCCCCCC(O)=O, INCHIKEY:PPWULRMBSAZFCH-ORZIMQNZSA-N P:null
jun. 15, 2020 8:44:00 P. M. msmsreader.MSMSReader getLectura
INFO: ROW:339, NAMEFA 26:4, SMILES:CC\C=C/C\C=C/C\C=C/C\C=C/CCCCCCCCCCCCC(O)=O, INCHIKEY:QTHRQKVBXAEHTC-LTKCOYKYSA-N P:null
jun. 15, 2020 8:44:00 P. M. msmsreader.MSMSReader getLectura
INFO: ROW:340, NAMEFA 27:0, SMILES:CCCCCCCCCCCCCCCCCCCCCCCCCCC(O)=O, INCHIKEY:VXZBFBRLRNDJCS-UHFFFAOYSA-N P:null
