jun. 17, 2020 9:43:04 P. M. msmsreader.MSMSReader getLectura
INFO: ROW:581, NAME:SPLASH Cer 18:1;2O/16:0(d9)
jun. 17, 2020 9:43:04 P. M. msmsreader.MSMSReader getLectura
INFO: ROW:582, NAME:SPLASH FA 20:4(d11)
jun. 17, 2020 9:43:04 P. M. msmsreader.MSMSReader getLectura
INFO: ROW:583, NAME:SPLASH LPC 18:1(d7)
jun. 17, 2020 9:43:04 P. M. msmsreader.MSMSReader getLectura
INFO: ROW:584, NAME:SPLASH LPE 18:1(d7)
jun. 17, 2020 9:43:04 P. M. msmsreader.MSMSReader getLectura
INFO: ROW:585, NAME:SPLASH PI 15:0_18:1(d7)
jun. 17, 2020 9:43:04 P. M. msmsreader.MSMSReader getLectura
INFO: ROW:586, NAME:SPLASH PS 15:0_18:1(d7)
jun. 17, 2020 9:43:04 P. M. msmsreader.MSMSReader getLectura
INFO: ROW:963, NAME:SPLASH Cer 18:1;2O/16:0(d9)
jun. 17, 2020 9:43:04 P. M. msmsreader.MSMSReader getLectura
INFO: ROW:964, NAME:SPLASH Cholesterol(d7)
jun. 17, 2020 9:43:04 P. M. msmsreader.MSMSReader getLectura
INFO: ROW:965, NAME:SPLASH LPC 18:1(d7)
jun. 17, 2020 9:43:04 P. M. msmsreader.MSMSReader getLectura
INFO: ROW:966, NAME:SPLASH LPE 18:1(d7)
jun. 17, 2020 9:43:04 P. M. msmsreader.MSMSReader getLectura
INFO: ROW:967, NAME:SPLASH MG 18:1(d7)
jun. 17, 2020 9:43:04 P. M. msmsreader.MSMSReader getLectura
INFO: ROW:969, NAME:SPLASH PS 15:0_18:1(d7)
