jun. 17, 2020 9:43:02 P. M. msmsreader.MSMSReader getLectura
INFO: ROW:149, NAME:SPLASH Cer 18:1;2O/16:0(d9)
jun. 17, 2020 9:43:02 P. M. msmsreader.MSMSReader getLectura
INFO: ROW:150, NAME:SPLASH Cholesterol(d7)
jun. 17, 2020 9:43:02 P. M. msmsreader.MSMSReader getLectura
INFO: ROW:151, NAME:SPLASH LPC 18:1(d7)
jun. 17, 2020 9:43:02 P. M. msmsreader.MSMSReader getLectura
INFO: ROW:152, NAME:SPLASH LPE 18:1(d7)
jun. 17, 2020 9:43:02 P. M. msmsreader.MSMSReader getLectura
INFO: ROW:153, NAME:SPLASH MG 18:1(d7)
jun. 17, 2020 9:43:02 P. M. msmsreader.MSMSReader getLectura
INFO: ROW:154, NAME:SPLASH PI 15:0_18:1(d7)
jun. 17, 2020 9:43:02 P. M. msmsreader.MSMSReader getLectura
INFO: ROW:155, NAME:SPLASH PS 15:0_18:1(d7)
jun. 17, 2020 9:43:02 P. M. msmsreader.MSMSReader getLectura
INFO: ROW:500, NAME:SPLASH Cer 18:1;2O/16:0(d9)
jun. 17, 2020 9:43:02 P. M. msmsreader.MSMSReader getLectura
INFO: ROW:501, NAME:SPLASH FA 20:4(d11)
jun. 17, 2020 9:43:02 P. M. msmsreader.MSMSReader getLectura
INFO: ROW:502, NAME:SPLASH LPC 18:1(d7)
jun. 17, 2020 9:43:02 P. M. msmsreader.MSMSReader getLectura
INFO: ROW:503, NAME:SPLASH LPE 18:1(d7)
jun. 17, 2020 9:43:02 P. M. msmsreader.MSMSReader getLectura
INFO: ROW:504, NAME:SPLASH PI 15:0_18:1(d7)
jun. 17, 2020 9:43:02 P. M. msmsreader.MSMSReader getLectura
INFO: ROW:505, NAME:SPLASH PS 15:0_18:1(d7)
