jun. 17, 2020 9:43:19 P. M. msmsreader.MSMSReader getLectura
INFO: ROW:14, NAME:CAR 14:0(d3)
jun. 17, 2020 9:43:19 P. M. msmsreader.MSMSReader getLectura
INFO: ROW:17, NAME:CAR 16:0(d3)
jun. 17, 2020 9:43:19 P. M. msmsreader.MSMSReader getLectura
INFO: ROW:19, NAME:CAR 18:0(d3)
jun. 17, 2020 9:43:19 P. M. msmsreader.MSMSReader getLectura
INFO: ROW:43, NAME:Cholesterol(d7)
jun. 17, 2020 9:43:19 P. M. msmsreader.MSMSReader getLectura
INFO: ROW:51, NAME:DG 18:1_18:1(d5)
jun. 17, 2020 9:43:19 P. M. msmsreader.MSMSReader getLectura
INFO: ROW:62, NAME:FA 18:1(d9)
jun. 17, 2020 9:43:19 P. M. msmsreader.MSMSReader getLectura
INFO: ROW:136, NAME:LPG 17:1
jun. 17, 2020 9:43:19 P. M. msmsreader.MSMSReader getLectura
INFO: ROW:138, NAME:LPS 17:1
jun. 17, 2020 9:43:19 P. M. msmsreader.MSMSReader getLectura
INFO: ROW:214, NAME:PI 15:0_18:1(d7)
jun. 17, 2020 9:43:19 P. M. msmsreader.MSMSReader getLectura
INFO: ROW:285, NAME:TG 17:0_17:1_17:0(d5)
