jun. 17, 2020 9:43:20 P. M. msmsreader.MSMSReader getLectura
INFO: ROW:243, NAME:SPLASH CE 18:1(d7)
jun. 17, 2020 9:43:20 P. M. msmsreader.MSMSReader getLectura
INFO: ROW:244, NAME:SPLASH Cer 18:1;2O/15:0(d7)
jun. 17, 2020 9:43:20 P. M. msmsreader.MSMSReader getLectura
INFO: ROW:246, NAME:SPLASH LPC 18:1(d7)
jun. 17, 2020 9:43:20 P. M. msmsreader.MSMSReader getLectura
INFO: ROW:247, NAME:SPLASH LPE 18:1(d7)
jun. 17, 2020 9:43:20 P. M. msmsreader.MSMSReader getLectura
INFO: ROW:248, NAME:SPLASH MG 18:1(d7)
jun. 17, 2020 9:43:20 P. M. msmsreader.MSMSReader getLectura
INFO: ROW:249, NAME:SPLASH PC 15:0_18:1(d7)
jun. 17, 2020 9:43:20 P. M. msmsreader.MSMSReader getLectura
INFO: ROW:250, NAME:SPLASH PE 15:0_18:1(d7)
jun. 17, 2020 9:43:20 P. M. msmsreader.MSMSReader getLectura
INFO: ROW:251, NAME:SPLASH PI 15:0_18:1(d7)
jun. 17, 2020 9:43:20 P. M. msmsreader.MSMSReader getLectura
INFO: ROW:253, NAME:SPLASH SM 18:1;2O/18:1(d9)
jun. 17, 2020 9:43:20 P. M. msmsreader.MSMSReader getLectura
INFO: ROW:254, NAME:SPLASH SM 18:1;2O/18:1(d9)
jun. 17, 2020 9:43:20 P. M. msmsreader.MSMSReader getLectura
INFO: ROW:255, NAME:SPLASH TG 15:0_18:1_15:0(d7)
jun. 17, 2020 9:43:20 P. M. msmsreader.MSMSReader getLectura
INFO: ROW:688, NAME:SPLASH Cer 18:1;2O/15:0(d9)
jun. 17, 2020 9:43:20 P. M. msmsreader.MSMSReader getLectura
INFO: ROW:689, NAME:SPLASH FA 16:0(d3)
jun. 17, 2020 9:43:20 P. M. msmsreader.MSMSReader getLectura
INFO: ROW:690, NAME:SPLASH FA 18:0(d3)
jun. 17, 2020 9:43:20 P. M. msmsreader.MSMSReader getLectura
INFO: ROW:691, NAME:SPLASH LPC 18:1(d7)
jun. 17, 2020 9:43:20 P. M. msmsreader.MSMSReader getLectura
INFO: ROW:692, NAME:SPLASH LPE 18:1(d7)
jun. 17, 2020 9:43:20 P. M. msmsreader.MSMSReader getLectura
INFO: ROW:693, NAME:SPLASH PC 15:0_18:1(d7)
jun. 17, 2020 9:43:20 P. M. msmsreader.MSMSReader getLectura
INFO: ROW:694, NAME:SPLASH PE 15:0_18:1(d7)
jun. 17, 2020 9:43:20 P. M. msmsreader.MSMSReader getLectura
INFO: ROW:695, NAME:SPLASH PG 15:0_18:1(d7)
jun. 17, 2020 9:43:20 P. M. msmsreader.MSMSReader getLectura
INFO: ROW:696, NAME:SPLASH PI 15:0_18:1(d7)
jun. 17, 2020 9:43:20 P. M. msmsreader.MSMSReader getLectura
INFO: ROW:698, NAME:SPLASH SM 18:1;2O/18:1(d9)
