jun. 18, 2020 11:27:39 A. M. msmsreader.MSMSReader getLectura
INFO: ROW:195, NAME:SPLASH Cer 18:1;2O/16:0(d9)
jun. 18, 2020 11:27:39 A. M. msmsreader.MSMSReader getLectura
INFO: ROW:196, NAME:SPLASH Cholesterol(d7)
jun. 18, 2020 11:27:39 A. M. msmsreader.MSMSReader getLectura
INFO: ROW:197, NAME:SPLASH LPC 18:1(d7)
jun. 18, 2020 11:27:39 A. M. msmsreader.MSMSReader getLectura
INFO: ROW:198, NAME:SPLASH LPE 18:1(d7)
jun. 18, 2020 11:27:39 A. M. msmsreader.MSMSReader getLectura
INFO: ROW:199, NAME:SPLASH MG 18:1(d7)
jun. 18, 2020 11:27:39 A. M. msmsreader.MSMSReader getLectura
INFO: ROW:200, NAME:SPLASH PI 15:0_18:1(d7)
jun. 18, 2020 11:27:39 A. M. msmsreader.MSMSReader getLectura
INFO: ROW:201, NAME:SPLASH PS 15:0_18:1(d7)
jun. 18, 2020 11:27:39 A. M. msmsreader.MSMSReader getLectura
INFO: ROW:734, NAME:SPLASH Cer 18:1;2O/16:0(d9)
jun. 18, 2020 11:27:39 A. M. msmsreader.MSMSReader getLectura
INFO: ROW:735, NAME:SPLASH FA 20:4(d11)
jun. 18, 2020 11:27:39 A. M. msmsreader.MSMSReader getLectura
INFO: ROW:736, NAME:SPLASH LPC 18:1(d7)
jun. 18, 2020 11:27:39 A. M. msmsreader.MSMSReader getLectura
INFO: ROW:737, NAME:SPLASH LPE 18:1(d7)
jun. 18, 2020 11:27:39 A. M. msmsreader.MSMSReader getLectura
INFO: ROW:738, NAME:SPLASH PI 15:0_18:1(d7)
jun. 18, 2020 11:27:39 A. M. msmsreader.MSMSReader getLectura
INFO: ROW:739, NAME:SPLASH PS 15:0_18:1(d7)
