jun. 15, 2020 8:43:59 P. M. msmsreader.MSMSReader getLectura
INFO: ROW:39, NAMEFA 18:0, SMILES:CCCCCCCCCCCCCCCCCC(O)=O, INCHIKEY:QIQXTHQIDYTFRH-UHFFFAOYSA-N P:null
jun. 15, 2020 8:43:59 P. M. msmsreader.MSMSReader getLectura
INFO: ROW:40, NAMEFA 18:1, SMILES:CCCCCCCC\C=C/CCCCCCCC(O)=O, INCHIKEY:ZQPPMHVWECSIRJ-KTKRTIGZSA-N P:null
jun. 15, 2020 8:43:59 P. M. msmsreader.MSMSReader getLectura
INFO: ROW:43, NAMEFA 20:1, SMILES:CCCCCCCC\C=C/CCCCCCCCCC(O)=O, INCHIKEY:BITHHVVYSMSWAG-KTKRTIGZSA-N P:null
jun. 15, 2020 8:43:59 P. M. msmsreader.MSMSReader getLectura
INFO: ROW:44, NAMEFA 20:2, SMILES:CCCCC\C=C/C\C=C/CCCCCCCCCC(O)=O, INCHIKEY:XSXIVVZCUAHUJO-HZJYTTRNSA-N P:null
jun. 15, 2020 8:43:59 P. M. msmsreader.MSMSReader getLectura
INFO: ROW:45, NAMEFA 24:0, SMILES:CCCCCCCCCCCCCCCCCCCCCCCC(O)=O, INCHIKEY:QZZGJDVWLFXDLK-UHFFFAOYSA-N P:null
jun. 15, 2020 8:43:59 P. M. msmsreader.MSMSReader getLectura
INFO: ROW:46, NAMEFA 26:0, SMILES:CCCCCCCCCCCCCCCCCCCCCCCCCC(O)=O, INCHIKEY:XMHIUKTWLZUKEX-UHFFFAOYSA-N P:null
jun. 15, 2020 8:43:59 P. M. msmsreader.MSMSReader getLectura
INFO: ROW:48, NAMEFA 29:0, SMILES:CCCCCCCCCCCCCCCCCCCCCCCCCCCCC(O)=O, INCHIKEY:IHEJEKZAKSNRLY-UHFFFAOYSA-N P:null
jun. 15, 2020 8:43:59 P. M. msmsreader.MSMSReader getLectura
INFO: ROW:50, NAMEFA 31:0, SMILES:CCCCCCCCCCCCCCCCCCCCCCCCCCCCCCC(O)=O, INCHIKEY:ONLMUMPTRGEPCH-UHFFFAOYSA-N P:null
jun. 15, 2020 8:43:59 P. M. msmsreader.MSMSReader getLectura
INFO: ROW:52, NAMEFA 33:0, SMILES:CCCCCCCCCCCCCCCCCCCCCCCCCCCCCCCCC(O)=O, INCHIKEY:HQRWEDFDJHDPJC-UHFFFAOYSA-N P:null
jun. 15, 2020 8:43:59 P. M. msmsreader.MSMSReader getLectura
INFO: ROW:54, NAMEFA 35:0, SMILES:CCCCCCCCCCCCCCCCCCCCCCCCCCCCCCCCCCC(O)=O, INCHIKEY:HVUCKZJUWZBJDP-UHFFFAOYSA-N P:null
jun. 15, 2020 8:43:59 P. M. msmsreader.MSMSReader getLectura
INFO: ROW:55, NAMEFA 36:0, SMILES:CCCCCCCCCCCCCCCCCCCCCCCCCCCCCCCCCCCC(O)=O, INCHIKEY:LRKATBAZQAWAGV-UHFFFAOYSA-N P:null
