jun. 18, 2020 11:27:36 A. M. msmsreader.MSMSReader getLectura
INFO: ROW:264, NAME:SPLASH Cer 18:1;2O/16:0(d9)
jun. 18, 2020 11:27:36 A. M. msmsreader.MSMSReader getLectura
INFO: ROW:265, NAME:SPLASH Cholesterol(d7)
jun. 18, 2020 11:27:36 A. M. msmsreader.MSMSReader getLectura
INFO: ROW:266, NAME:SPLASH LPC 18:1(d7)
jun. 18, 2020 11:27:36 A. M. msmsreader.MSMSReader getLectura
INFO: ROW:267, NAME:SPLASH LPE 18:1(d7)
jun. 18, 2020 11:27:36 A. M. msmsreader.MSMSReader getLectura
INFO: ROW:268, NAME:SPLASH MG 18:1(d7)
jun. 18, 2020 11:27:36 A. M. msmsreader.MSMSReader getLectura
INFO: ROW:270, NAME:SPLASH PS 15:0_18:1(d7)
jun. 18, 2020 11:27:36 A. M. msmsreader.MSMSReader getLectura
INFO: ROW:905, NAME:SPLASH Cer 18:1;2O/16:0(d9)
jun. 18, 2020 11:27:36 A. M. msmsreader.MSMSReader getLectura
INFO: ROW:906, NAME:SPLASH FA 20:4(d11)
jun. 18, 2020 11:27:36 A. M. msmsreader.MSMSReader getLectura
INFO: ROW:907, NAME:SPLASH LPC 18:1(d7)
jun. 18, 2020 11:27:36 A. M. msmsreader.MSMSReader getLectura
INFO: ROW:908, NAME:SPLASH LPE 18:1(d7)
jun. 18, 2020 11:27:36 A. M. msmsreader.MSMSReader getLectura
INFO: ROW:910, NAME:SPLASH PI 15:0_18:1(d7)
jun. 18, 2020 11:27:36 A. M. msmsreader.MSMSReader getLectura
INFO: ROW:911, NAME:SPLASH PS 15:0_18:1(d7)
