jun. 17, 2020 9:43:09 P. M. msmsreader.MSMSReader getLectura
INFO: ROW:274, NAME:FA 20:4(d11)
jun. 17, 2020 9:43:09 P. M. msmsreader.MSMSReader getLectura
INFO: ROW:275, NAME:SPLASH CE 18:1(d7)
jun. 17, 2020 9:43:09 P. M. msmsreader.MSMSReader getLectura
INFO: ROW:276, NAME:SPLASH Cer 18:1;2O/15:0(d7)
jun. 17, 2020 9:43:09 P. M. msmsreader.MSMSReader getLectura
INFO: ROW:277, NAME:SPLASH Cer 18:1;2O/15:0(d7)
jun. 17, 2020 9:43:09 P. M. msmsreader.MSMSReader getLectura
INFO: ROW:278, NAME:SPLASH DG 15:0_18:1(d7)
jun. 17, 2020 9:43:09 P. M. msmsreader.MSMSReader getLectura
INFO: ROW:279, NAME:SPLASH LPC 18:1(d7)
jun. 17, 2020 9:43:09 P. M. msmsreader.MSMSReader getLectura
INFO: ROW:280, NAME:SPLASH LPC 18:1(d7)
jun. 17, 2020 9:43:09 P. M. msmsreader.MSMSReader getLectura
INFO: ROW:281, NAME:SPLASH LPE 18:1(d7)
jun. 17, 2020 9:43:09 P. M. msmsreader.MSMSReader getLectura
INFO: ROW:282, NAME:SPLASH LPE 18:1(d7)
jun. 17, 2020 9:43:09 P. M. msmsreader.MSMSReader getLectura
INFO: ROW:283, NAME:SPLASH PC 15:0_18:1(d7)
jun. 17, 2020 9:43:09 P. M. msmsreader.MSMSReader getLectura
INFO: ROW:284, NAME:SPLASH PC 15:0_18:1(d7)
jun. 17, 2020 9:43:09 P. M. msmsreader.MSMSReader getLectura
INFO: ROW:285, NAME:SPLASH PE 15:0_18:1(d7)
jun. 17, 2020 9:43:09 P. M. msmsreader.MSMSReader getLectura
INFO: ROW:286, NAME:SPLASH PE 15:0_18:1(d7)
jun. 17, 2020 9:43:09 P. M. msmsreader.MSMSReader getLectura
INFO: ROW:287, NAME:SPLASH PG 15:0_18:1(d7)
jun. 17, 2020 9:43:09 P. M. msmsreader.MSMSReader getLectura
INFO: ROW:288, NAME:SPLASH PG 15:0_18:1(d7)
jun. 17, 2020 9:43:09 P. M. msmsreader.MSMSReader getLectura
INFO: ROW:289, NAME:SPLASH PI 15:0_18:1(d7)
jun. 17, 2020 9:43:09 P. M. msmsreader.MSMSReader getLectura
INFO: ROW:290, NAME:SPLASH PI 15:0_18:1(d7)
jun. 17, 2020 9:43:09 P. M. msmsreader.MSMSReader getLectura
INFO: ROW:291, NAME:SPLASH PS 15:0_18:1(d7)
jun. 17, 2020 9:43:09 P. M. msmsreader.MSMSReader getLectura
INFO: ROW:292, NAME:SPLASH PS 15:0_18:1(d7)
jun. 17, 2020 9:43:09 P. M. msmsreader.MSMSReader getLectura
INFO: ROW:293, NAME:SPLASH SM 18:1;2O/18:1(d9)
jun. 17, 2020 9:43:09 P. M. msmsreader.MSMSReader getLectura
INFO: ROW:294, NAME:SPLASH SM 18:1;2O/18:1(d9)
jun. 17, 2020 9:43:09 P. M. msmsreader.MSMSReader getLectura
INFO: ROW:295, NAME:SPLASH TG 15:0_18:1_15:0(d7)
jun. 17, 2020 9:43:09 P. M. msmsreader.MSMSReader getLectura
INFO: ROW:320, NAME:SPLASH LPC 18:1(d7)
jun. 17, 2020 9:43:09 P. M. msmsreader.MSMSReader getLectura
INFO: ROW:329, NAME:SPLASH LPE 18:1(d7)
jun. 17, 2020 9:43:09 P. M. msmsreader.MSMSReader getLectura
INFO: ROW:517, NAME:SPLASH SM 18:1;2O/18:0(d9)
